-------------------------------------------------------------------------------
Test set: com.mycompany.app.CourseProgrammeTest
-------------------------------------------------------------------------------
Tests run: 5, Failures: 1, Errors: 0, Skipped: 0, Time elapsed: 0 s <<< FAILURE! - in com.mycompany.app.CourseProgrammeTest
getCourseStudents(com.mycompany.app.CourseProgrammeTest)  Time elapsed: 0 s  <<< FAILURE!
java.lang.AssertionError: expected:<[com.mycompany.app.Student@23d2a7e8]> but was:<[com.mycompany.app.Student@7a9273a8]>
	at com.mycompany.app.CourseProgrammeTest.getCourseStudents(CourseProgrammeTest.java:40)

