<?xml version="1.0" encoding="UTF-8"?>
<testsuite xmlns:xsi="http://www.w3.org/2001/XMLSchema-instance" xsi:noNamespaceSchemaLocation="https://maven.apache.org/surefire/maven-surefire-plugin/xsd/surefire-test-report.xsd" name="com.mycompany.app.StudentTest" time="0.123" tests="6" errors="0" skipped="0" failures="2">
  <properties>
[...]
</properties>
  <testcase name="getAge" classname="com.mycompany.app.StudentTest" time="0.076"/>
  <testcase name="getDOB" classname="com.mycompany.app.StudentTest" time="0.001"/>
  <testcase name="getRegisteredCourses" classname="com.mycompany.app.StudentTest" time="0.006">
    <failure message="expected:&lt;[com.mycompany.app.CourseProgramme@467aecef]&gt; but was:&lt;[com.mycompany.app.CourseProgramme@4d50efb8]&gt;" type="java.lang.AssertionError"><![CDATA[java.lang.AssertionError: expected:<[com.mycompany.app.CourseProgramme@467aecef]> but was:<[com.mycompany.app.CourseProgramme@4d50efb8]>
	at com.mycompany.app.StudentTest.getRegisteredCourses(StudentTest.java:54)
]]></failure>
  </testcase>
  <testcase name="getRegisteredModules" classname="com.mycompany.app.StudentTest" time="0.001">
    <failure message="expected:&lt;[com.mycompany.app.Module@5bb21b69, com.mycompany.app.Module@6b9651f3]&gt; but was:&lt;[com.mycompany.app.Module@38bc8ab5, com.mycompany.app.Module@687080dc]&gt;" type="java.lang.AssertionError"><![CDATA[java.lang.AssertionError: expected:<[com.mycompany.app.Module@5bb21b69, com.mycompany.app.Module@6b9651f3]> but was:<[com.mycompany.app.Module@38bc8ab5, com.mycompany.app.Module@687080dc]>
	at com.mycompany.app.StudentTest.getRegisteredModules(StudentTest.java:59)
]]></failure>
  </testcase>
  <testcase name="getName" classname="com.mycompany.app.StudentTest" time="0"/>
  <testcase name="getUsername" classname="com.mycompany.app.StudentTest" time="0.001"/>
</testsuite>