<?xml version="1.0" encoding="UTF-8"?>
<testsuite xmlns:xsi="http://www.w3.org/2001/XMLSchema-instance" xsi:noNamespaceSchemaLocation="https://maven.apache.org/surefire/maven-surefire-plugin/xsd/surefire-test-report.xsd" name="com.mycompany.app.StudentTest" time="0.123" tests="6" errors="0" skipped="0" failures="2">
  <properties>
    <property name="java.specification.version" value="15"/>
    <property name="sun.jnu.encoding" value="UTF-8"/>
    <property name="java.class.path" value="/Users/jennifermurray/Documents/githubSetUp/Assignment1Software/my-app/target/test-classes:/Users/jennifermurray/Documents/githubSetUp/Assignment1Software/my-app/target/classes:/Users/jennifermurray/.m2/repository/junit/junit/4.12/junit-4.12.jar:/Users/jennifermurray/.m2/repository/org/hamcrest/hamcrest-core/1.3/hamcrest-core-1.3.jar:/Users/jennifermurray/.m2/repository/joda-time/joda-time/2.10.6/joda-time-2.10.6.jar:"/>
    <property name="java.vm.vendor" value="Oracle Corporation"/>
    <property name="sun.arch.data.model" value="64"/>
    <property name="java.vendor.url" value="https://java.oracle.com/"/>
    <property name="os.name" value="Mac OS X"/>
    <property name="java.vm.specification.version" value="15"/>
    <property name="sun.java.launcher" value="SUN_STANDARD"/>
    <property name="user.country" value="IE"/>
    <property name="sun.boot.library.path" value="/Users/jennifermurray/Library/Java/JavaVirtualMachines/openjdk-15/Contents/Home/lib"/>
    <property name="sun.java.command" value="/Users/jennifermurray/Documents/githubSetUp/Assignment1Software/my-app/target/surefire/surefirebooter10197778411148314978.jar /Users/jennifermurray/Documents/githubSetUp/Assignment1Software/my-app/target/surefire 2020-11-06T23-43-33_661-jvmRun1 surefire4886795993123541519tmp surefire_010518358242014878542tmp"/>
    <property name="http.nonProxyHosts" value="local|*.local|169.254/16|*.169.254/16"/>
    <property name="jdk.debug" value="release"/>
    <property name="surefire.test.class.path" value="/Users/jennifermurray/Documents/githubSetUp/Assignment1Software/my-app/target/test-classes:/Users/jennifermurray/Documents/githubSetUp/Assignment1Software/my-app/target/classes:/Users/jennifermurray/.m2/repository/junit/junit/4.12/junit-4.12.jar:/Users/jennifermurray/.m2/repository/org/hamcrest/hamcrest-core/1.3/hamcrest-core-1.3.jar:/Users/jennifermurray/.m2/repository/joda-time/joda-time/2.10.6/joda-time-2.10.6.jar:"/>
    <property name="sun.cpu.endian" value="little"/>
    <property name="user.home" value="/Users/jennifermurray"/>
    <property name="user.language" value="en"/>
    <property name="java.specification.vendor" value="Oracle Corporation"/>
    <property name="java.version.date" value="2020-09-15"/>
    <property name="java.home" value="/Users/jennifermurray/Library/Java/JavaVirtualMachines/openjdk-15/Contents/Home"/>
    <property name="file.separator" value="/"/>
    <property name="basedir" value="/Users/jennifermurray/Documents/githubSetUp/Assignment1Software/my-app"/>
    <property name="java.vm.compressedOopsMode" value="Zero based"/>
    <property name="line.separator" value="&#10;"/>
    <property name="java.specification.name" value="Java Platform API Specification"/>
    <property name="java.vm.specification.vendor" value="Oracle Corporation"/>
    <property name="surefire.real.class.path" value="/Users/jennifermurray/Documents/githubSetUp/Assignment1Software/my-app/target/surefire/surefirebooter10197778411148314978.jar"/>
    <property name="sun.management.compiler" value="HotSpot 64-Bit Tiered Compilers"/>
    <property name="ftp.nonProxyHosts" value="local|*.local|169.254/16|*.169.254/16"/>
    <property name="java.runtime.version" value="15+36-1562"/>
    <property name="user.name" value="jennifermurray"/>
    <property name="path.separator" value=":"/>
    <property name="os.version" value="10.15.7"/>
    <property name="java.runtime.name" value="OpenJDK Runtime Environment"/>
    <property name="file.encoding" value="UTF-8"/>
    <property name="java.vm.name" value="OpenJDK 64-Bit Server VM"/>
    <property name="localRepository" value="/Users/jennifermurray/.m2/repository"/>
    <property name="java.vendor.url.bug" value="https://bugreport.java.com/bugreport/"/>
    <property name="java.io.tmpdir" value="/var/folders/__/jq4n3b595rjdf0v66b7b2hk00000gn/T/"/>
    <property name="java.version" value="15"/>
    <property name="user.dir" value="/Users/jennifermurray/Documents/githubSetUp/Assignment1Software/my-app"/>
    <property name="os.arch" value="x86_64"/>
    <property name="java.vm.specification.name" value="Java Virtual Machine Specification"/>
    <property name="java.library.path" value="/Users/jennifermurray/Library/Java/Extensions:/Library/Java/Extensions:/Network/Library/Java/Extensions:/System/Library/Java/Extensions:/usr/lib/java:."/>
    <property name="java.vm.info" value="mixed mode, sharing"/>
    <property name="java.vendor" value="Oracle Corporation"/>
    <property name="java.vm.version" value="15+36-1562"/>
    <property name="sun.io.unicode.encoding" value="UnicodeBig"/>
    <property name="socksNonProxyHosts" value="local|*.local|169.254/16|*.169.254/16"/>
    <property name="java.class.version" value="59.0"/>
  </properties>
  <testcase name="getAge" classname="com.mycompany.app.StudentTest" time="0.076"/>
  <testcase name="getDOB" classname="com.mycompany.app.StudentTest" time="0.001"/>
  <testcase name="getRegisteredCourses" classname="com.mycompany.app.StudentTest" time="0.006">
    <failure message="expected:&lt;[com.mycompany.app.CourseProgramme@467aecef]&gt; but was:&lt;[com.mycompany.app.CourseProgramme@4d50efb8]&gt;" type="java.lang.AssertionError"><![CDATA[java.lang.AssertionError: expected:<[com.mycompany.app.CourseProgramme@467aecef]> but was:<[com.mycompany.app.CourseProgramme@4d50efb8]>
	at com.mycompany.app.StudentTest.getRegisteredCourses(StudentTest.java:54)
]]></failure>
  </testcase>
  <testcase name="getRegisteredModules" classname="com.mycompany.app.StudentTest" time="0.001">
    <failure message="expected:&lt;[com.mycompany.app.Module@5bb21b69, com.mycompany.app.Module@6b9651f3]&gt; but was:&lt;[com.mycompany.app.Module@38bc8ab5, com.mycompany.app.Module@687080dc]&gt;" type="java.lang.AssertionError"><![CDATA[java.lang.AssertionError: expected:<[com.mycompany.app.Module@5bb21b69, com.mycompany.app.Module@6b9651f3]> but was:<[com.mycompany.app.Module@38bc8ab5, com.mycompany.app.Module@687080dc]>
	at com.mycompany.app.StudentTest.getRegisteredModules(StudentTest.java:59)
]]></failure>
  </testcase>
  <testcase name="getName" classname="com.mycompany.app.StudentTest" time="0"/>
  <testcase name="getUsername" classname="com.mycompany.app.StudentTest" time="0.001"/>
</testsuite>