<?xml version="1.0" encoding="UTF-8"?>
<testsuite xmlns:xsi="http://www.w3.org/2001/XMLSchema-instance" xsi:noNamespaceSchemaLocation="https://maven.apache.org/surefire/maven-surefire-plugin/xsd/surefire-test-report.xsd" name="com.mycompany.app.CourseProgrammeTest" time="0" tests="5" errors="0" skipped="0" failures="1">
  <properties>
[...]
</properties>
  <testcase name="getStartDate" classname="com.mycompany.app.CourseProgrammeTest" time="0"/>
  <testcase name="getCourseName" classname="com.mycompany.app.CourseProgrammeTest" time="0"/>
  <testcase name="getEndDate" classname="com.mycompany.app.CourseProgrammeTest" time="0"/>
  <testcase name="getCourseStudents" classname="com.mycompany.app.CourseProgrammeTest" time="0">
    <failure message="expected:&lt;[com.mycompany.app.Student@23d2a7e8]&gt; but was:&lt;[com.mycompany.app.Student@7a9273a8]&gt;" type="java.lang.AssertionError"><![CDATA[java.lang.AssertionError: expected:<[com.mycompany.app.Student@23d2a7e8]> but was:<[com.mycompany.app.Student@7a9273a8]>
	at com.mycompany.app.CourseProgrammeTest.getCourseStudents(CourseProgrammeTest.java:40)
]]></failure>
  </testcase>
  <testcase name="getCourseModules" classname="com.mycompany.app.CourseProgrammeTest" time="0"/>
</testsuite>